  Application.cpp
  Color.cpp
  glmath.cpp
C:\Users\fernandofg2\Desktop\Physics_2_Handout\glmath.cpp(12,13): warning C4244: 'return': conversion from 'double' to 'float', possible loss of data
C:\Users\fernandofg2\Desktop\Physics_2_Handout\glmath.cpp(27,17): warning C4244: 'argument': conversion from 'double' to 'float', possible loss of data
C:\Users\fernandofg2\Desktop\Physics_2_Handout\glmath.cpp(43,34): warning C4244: 'argument': conversion from 'double' to 'float', possible loss of data
C:\Users\fernandofg2\Desktop\Physics_2_Handout\glmath.cpp(53,10): warning C4244: 'initializing': conversion from 'double' to 'float', possible loss of data
C:\Users\fernandofg2\Desktop\Physics_2_Handout\glmath.cpp(53,26): warning C4244: 'initializing': conversion from 'double' to 'float', possible loss of data
C:\Users\fernandofg2\Desktop\Physics_2_Handout\glmath.cpp(72,13): warning C4244: 'return': conversion from 'double' to 'float', possible loss of data
C:\Users\fernandofg2\Desktop\Physics_2_Handout\glmath.cpp(87,17): warning C4244: 'argument': conversion from 'double' to 'float', possible loss of data
C:\Users\fernandofg2\Desktop\Physics_2_Handout\glmath.cpp(103,34): warning C4244: 'argument': conversion from 'double' to 'float', possible loss of data
C:\Users\fernandofg2\Desktop\Physics_2_Handout\glmath.cpp(600,13): warning C4244: 'initializing': conversion from 'double' to 'float', possible loss of data
C:\Users\fernandofg2\Desktop\Physics_2_Handout\glmath.cpp(618,10): warning C4244: 'initializing': conversion from 'double' to 'float', possible loss of data
C:\Users\fernandofg2\Desktop\Physics_2_Handout\glmath.cpp(618,33): warning C4244: 'initializing': conversion from 'double' to 'float', possible loss of data
C:\Users\fernandofg2\Desktop\Physics_2_Handout\glmath.cpp(758,13): warning C4244: 'initializing': conversion from 'double' to 'float', possible loss of data
C:\Users\fernandofg2\Desktop\Physics_2_Handout\glmath.cpp(778,10): warning C4244: 'initializing': conversion from 'double' to 'float', possible loss of data
C:\Users\fernandofg2\Desktop\Physics_2_Handout\glmath.cpp(778,33): warning C4244: 'initializing': conversion from 'double' to 'float', possible loss of data
  Light.cpp
  log.cpp
  Main.cpp
  ModuleAudio.cpp
  ModuleCamera3D.cpp
  ModuleInput.cpp
  ModuleRenderer3D.cpp
  ModuleSceneIntro.cpp
  ModuleWindow.cpp
  Primitive.cpp
  Timer.cpp
  Generating Code...
  3D Physics.vcxproj -> C:\Users\fernandofg2\Desktop\Physics_2_Handout\Debug\3D Physics - class1 Handout.exe
