C:\Program Files (x86)\Microsoft Visual Studio\2019\Community\MSBuild\Microsoft\VC\v160\Microsoft.CppBuild.targets(513,5): warning MSB8028: The intermediate directory (Debug\) contains files shared from another project (3D Physics - class5.vcxproj).  This can lead to incorrect clean and rebuild behavior.
  Application.cpp
  Color.cpp
  glmath.cpp
C:\Users\allen\Documents\GitHub\Real-Engine\Real Engine\glmath.cpp(12,13): warning C4244: 'return': conversion from 'double' to 'float', possible loss of data
C:\Users\allen\Documents\GitHub\Real-Engine\Real Engine\glmath.cpp(27,17): warning C4244: 'argument': conversion from 'double' to 'float', possible loss of data
C:\Users\allen\Documents\GitHub\Real-Engine\Real Engine\glmath.cpp(43,34): warning C4244: 'argument': conversion from 'double' to 'float', possible loss of data
C:\Users\allen\Documents\GitHub\Real-Engine\Real Engine\glmath.cpp(53,10): warning C4244: 'initializing': conversion from 'double' to 'float', possible loss of data
C:\Users\allen\Documents\GitHub\Real-Engine\Real Engine\glmath.cpp(53,26): warning C4244: 'initializing': conversion from 'double' to 'float', possible loss of data
C:\Users\allen\Documents\GitHub\Real-Engine\Real Engine\glmath.cpp(72,13): warning C4244: 'return': conversion from 'double' to 'float', possible loss of data
C:\Users\allen\Documents\GitHub\Real-Engine\Real Engine\glmath.cpp(87,17): warning C4244: 'argument': conversion from 'double' to 'float', possible loss of data
C:\Users\allen\Documents\GitHub\Real-Engine\Real Engine\glmath.cpp(103,34): warning C4244: 'argument': conversion from 'double' to 'float', possible loss of data
C:\Users\allen\Documents\GitHub\Real-Engine\Real Engine\glmath.cpp(600,13): warning C4244: 'initializing': conversion from 'double' to 'float', possible loss of data
C:\Users\allen\Documents\GitHub\Real-Engine\Real Engine\glmath.cpp(618,10): warning C4244: 'initializing': conversion from 'double' to 'float', possible loss of data
C:\Users\allen\Documents\GitHub\Real-Engine\Real Engine\glmath.cpp(618,33): warning C4244: 'initializing': conversion from 'double' to 'float', possible loss of data
C:\Users\allen\Documents\GitHub\Real-Engine\Real Engine\glmath.cpp(758,13): warning C4244: 'initializing': conversion from 'double' to 'float', possible loss of data
C:\Users\allen\Documents\GitHub\Real-Engine\Real Engine\glmath.cpp(778,10): warning C4244: 'initializing': conversion from 'double' to 'float', possible loss of data
C:\Users\allen\Documents\GitHub\Real-Engine\Real Engine\glmath.cpp(778,33): warning C4244: 'initializing': conversion from 'double' to 'float', possible loss of data
  Light.cpp
  log.cpp
  Main.cpp
  ModuleAudio.cpp
  ModuleCamera3D.cpp
  ModuleInput.cpp
  ModulePhysics3D.cpp
  ModulePlayer.cpp
  ModuleRenderer3D.cpp
  ModuleSceneIntro.cpp
  ModuleWindow.cpp
  Primitive.cpp
  Timer.cpp
  Generating Code...
C:\Users\allen\Documents\GitHub\Real-Engine\Real Engine\ModulePhysics3D.cpp(83): warning C4700: uninitialized local variable 'pbody' used
C:\Users\allen\Documents\GitHub\Real-Engine\Real Engine\ModulePhysics3D.cpp(99): warning C4700: uninitialized local variable 'pbody' used
C:\Users\allen\Documents\GitHub\Real-Engine\Real Engine\ModulePhysics3D.cpp(92): warning C4700: uninitialized local variable 'pbody' used
LINK : fatal error LNK1104: cannot open file 'SDL/libx86/SDL2.lib'
