c:\users\allenbn\desktop\bullet3\debug\vc142.pdb
c:\users\allenbn\desktop\bullet3\debug\vc142.idb
c:\users\allenbn\desktop\bullet3\debug\timer.obj
c:\users\allenbn\desktop\bullet3\debug\primitive.obj
c:\users\allenbn\desktop\bullet3\debug\modulewindow.obj
c:\users\allenbn\desktop\bullet3\debug\modulesceneintro.obj
c:\users\allenbn\desktop\bullet3\debug\modulerenderer3d.obj
c:\users\allenbn\desktop\bullet3\debug\moduleplayer.obj
c:\users\allenbn\desktop\bullet3\debug\modulephysics3d.obj
c:\users\allenbn\desktop\bullet3\debug\moduleinput.obj
c:\users\allenbn\desktop\bullet3\debug\modulecamera3d.obj
c:\users\allenbn\desktop\bullet3\debug\moduleaudio.obj
c:\users\allenbn\desktop\bullet3\debug\main.obj
c:\users\allenbn\desktop\bullet3\debug\log.obj
c:\users\allenbn\desktop\bullet3\debug\light.obj
c:\users\allenbn\desktop\bullet3\debug\glmath.obj
c:\users\allenbn\desktop\bullet3\debug\color.obj
c:\users\allenbn\desktop\bullet3\debug\application.obj
c:\users\allenbn\desktop\bullet3\debug\real engine.ilk
c:\users\allenbn\desktop\bullet3\debug\real engine.exe
c:\users\allenbn\desktop\bullet3\debug\real engine.pdb
c:\users\allenbn\desktop\bullet3\debug\physbody3d.obj
c:\users\allenbn\desktop\bullet3\debug\physvehicle3d.obj
c:\users\allenbn\desktop\bullet3\debug\3d physics - class5.ilk
c:\users\allenbn\desktop\bullet3\debug\3d physics - class5.pdb
c:\users\allenbn\desktop\bullet3\debug\real engine.tlog\cl.command.1.tlog
c:\users\allenbn\desktop\bullet3\debug\real engine.tlog\cl.read.1.tlog
c:\users\allenbn\desktop\bullet3\debug\real engine.tlog\cl.write.1.tlog
c:\users\allenbn\desktop\bullet3\debug\real engine.tlog\link.command.1.tlog
c:\users\allenbn\desktop\bullet3\debug\real engine.tlog\link.read.1.tlog
c:\users\allenbn\desktop\bullet3\debug\real engine.tlog\link.write.1.tlog
